[5744:16580:0211/102206:INFO:AppRunner.cpp(619)] Begin run process geeplayer
[5744:16580:0211/102206:INFO:AppRunner.cpp(623)] ProductName is GeePlayer1
[5744:16580:0211/102206:INFO:AppRunner.cpp(662)] apppluginbase version is 4.3.4.77
[5744:16580:0211/102206:INFO:UIlib.cpp(192)] quilib: version is 4.3.4.75
[5744:16580:0211/102206:INFO:serviceManager.cpp(687)] mainprocessisrunning key is set as 1
[5744:16580:0211/102206:INFO:serviceManager.cpp(800)] create local service plugin PluginServerStatePlugin
[5744:16580:0211/102206:INFO:serviceManager.cpp(857)] plugin PluginServerStatePlugin DoPluginInit
[5744:16580:0211/102206:INFO:serviceManager.cpp(1523)] repository parse over
[5744:16580:0211/102206:INFO:UIManager.cpp(372)] quilib:call set resouce path, path is c:\program files (x86)\iqiyi video\geeplayer\2.3.28.2726\skin
[5744:16580:0211/102210:INFO:AppRunner.cpp(715)] loop exit geeplayer call main plugin DestoryPluginEntry
[5744:16580:0211/102210:INFO:IPlugin.cpp(117)] real plugin mainPlugin call DestroyPlugin
[5744:16580:0211/102212:INFO:IPlugin.cpp(374)] destruct plugin mainPlugin
[5744:16580:0211/102212:INFO:serviceManager.cpp(1608)] mainPlugin plugin had destroy by DestructPlugin
[5744:16580:0211/102212:INFO:serviceManager.cpp(2532)] DestructManager begin
[5744:16580:0211/102212:INFO:IPlugin.cpp(374)] destruct plugin PluginServerStatePlugin
[5744:16580:0211/102212:INFO:IPlugin.cpp(286)] real plugin PluginServerStatePlugin call DestroyPlugin
[5744:16580:0211/102212:INFO:serviceManager.cpp(1608)] PluginServerStatePlugin plugin had destroy by DestructPlugin
[5744:16580:0211/102212:INFO:serviceManager.cpp(2408)] DeleteLeftPlugins begin
[5744:16580:0211/102212:INFO:serviceManager.cpp(2470)] DeleteLeftPlugins end
[5744:16580:0211/102212:INFO:serviceManager.cpp(687)] mainprocessisrunning key is set as 0
[5744:16580:0211/102212:INFO:AppRunner.cpp(730)] close mutex of process geeplayer
[5744:16580:0211/102212:INFO:AppRunner.cpp(738)] run process geeplayer end
[1912:18696:0211/122602:INFO:AppRunner.cpp(619)] Begin run process geeplayer
[1912:18696:0211/122602:INFO:AppRunner.cpp(623)] ProductName is GeePlayer1
[1912:18696:0211/122602:INFO:AppRunner.cpp(662)] apppluginbase version is 4.3.4.77
[1912:18696:0211/122602:INFO:UIlib.cpp(192)] quilib: version is 4.3.4.75
[1912:18696:0211/122602:INFO:serviceManager.cpp(687)] mainprocessisrunning key is set as 1
[1912:18696:0211/122602:INFO:serviceManager.cpp(800)] create local service plugin PluginServerStatePlugin
[1912:18696:0211/122602:INFO:serviceManager.cpp(857)] plugin PluginServerStatePlugin DoPluginInit
[1912:18696:0211/122602:INFO:serviceManager.cpp(1523)] repository parse over
[1912:18696:0211/122602:INFO:UIManager.cpp(372)] quilib:call set resouce path, path is c:\program files (x86)\iqiyi video\geeplayer\2.3.28.2726\skin
[1912:18696:0211/122620:INFO:AppRunner.cpp(715)] loop exit geeplayer call main plugin DestoryPluginEntry
[1912:18696:0211/122620:INFO:IPlugin.cpp(117)] real plugin mainPlugin call DestroyPlugin
[1912:18696:0211/122622:INFO:IPlugin.cpp(374)] destruct plugin mainPlugin
[1912:18696:0211/122622:INFO:serviceManager.cpp(1608)] mainPlugin plugin had destroy by DestructPlugin
[1912:18696:0211/122622:INFO:serviceManager.cpp(2532)] DestructManager begin
[1912:18696:0211/122622:INFO:IPlugin.cpp(374)] destruct plugin PluginServerStatePlugin
[1912:18696:0211/122622:INFO:IPlugin.cpp(286)] real plugin PluginServerStatePlugin call DestroyPlugin
[1912:18696:0211/122622:INFO:serviceManager.cpp(1608)] PluginServerStatePlugin plugin had destroy by DestructPlugin
[1912:18696:0211/122622:INFO:serviceManager.cpp(2408)] DeleteLeftPlugins begin
[1912:18696:0211/122622:INFO:serviceManager.cpp(2470)] DeleteLeftPlugins end
[1912:18696:0211/122622:INFO:serviceManager.cpp(687)] mainprocessisrunning key is set as 0
[1912:18696:0211/122622:INFO:AppRunner.cpp(730)] close mutex of process geeplayer
[1912:18696:0211/122622:INFO:AppRunner.cpp(738)] run process geeplayer end
[18816:3068:0211/123806:INFO:AppRunner.cpp(619)] Begin run process geeplayer
[18816:3068:0211/123806:INFO:AppRunner.cpp(623)] ProductName is GeePlayer1
[18816:3068:0211/123806:INFO:AppRunner.cpp(662)] apppluginbase version is 4.3.4.77
[18816:3068:0211/123806:INFO:UIlib.cpp(192)] quilib: version is 4.3.4.75
[18816:3068:0211/123806:INFO:serviceManager.cpp(687)] mainprocessisrunning key is set as 1
[18816:3068:0211/123806:INFO:serviceManager.cpp(800)] create local service plugin PluginServerStatePlugin
[18816:3068:0211/123806:INFO:serviceManager.cpp(857)] plugin PluginServerStatePlugin DoPluginInit
[18816:3068:0211/123806:INFO:serviceManager.cpp(1523)] repository parse over
[18816:3068:0211/123806:INFO:UIManager.cpp(372)] quilib:call set resouce path, path is c:\program files (x86)\iqiyi video\geeplayer\2.3.28.2726\skin
[6992:19692:0212/003258:INFO:AppRunner.cpp(619)] Begin run process geeplayer
[6992:19692:0212/003258:INFO:AppRunner.cpp(623)] ProductName is GeePlayer13
[6992:19692:0212/003258:INFO:AppRunner.cpp(662)] apppluginbase version is 4.3.4.77
[6992:19692:0212/003258:INFO:UIlib.cpp(192)] quilib: version is 4.3.4.75
[6992:19692:0212/003258:INFO:serviceManager.cpp(687)] mainprocessisrunning key is set as 1
[6992:19692:0212/003258:INFO:serviceManager.cpp(800)] create local service plugin PluginServerStatePlugin
[6992:19692:0212/003258:INFO:serviceManager.cpp(857)] plugin PluginServerStatePlugin DoPluginInit
[6992:19692:0212/003258:INFO:serviceManager.cpp(1523)] repository parse over
[6992:19692:0212/003258:INFO:AppRunner.cpp(715)] loop exit geeplayer call main plugin DestoryPluginEntry
[6992:19692:0212/003258:INFO:IPlugin.cpp(117)] real plugin mainPlugin call DestroyPlugin
[6992:19692:0212/003258:INFO:IPlugin.cpp(374)] destruct plugin mainPlugin
[6992:19692:0212/003258:INFO:serviceManager.cpp(1608)] mainPlugin plugin had destroy by DestructPlugin
[6992:19692:0212/003258:INFO:serviceManager.cpp(2532)] DestructManager begin
[6992:19692:0212/003258:INFO:IPlugin.cpp(374)] destruct plugin PluginServerStatePlugin
[6992:19692:0212/003258:INFO:IPlugin.cpp(286)] real plugin PluginServerStatePlugin call DestroyPlugin
[6992:19692:0212/003258:INFO:serviceManager.cpp(1608)] PluginServerStatePlugin plugin had destroy by DestructPlugin
[6992:19692:0212/003258:INFO:serviceManager.cpp(2408)] DeleteLeftPlugins begin
[6992:19692:0212/003258:INFO:serviceManager.cpp(2470)] DeleteLeftPlugins end
[6992:19692:0212/003258:INFO:serviceManager.cpp(687)] mainprocessisrunning key is set as 0
[6992:19692:0212/003258:INFO:AppRunner.cpp(730)] close mutex of process geeplayer
[6992:19692:0212/003258:INFO:AppRunner.cpp(738)] run process geeplayer end
[18816:3068:0212/003301:INFO:AppRunner.cpp(715)] loop exit geeplayer call main plugin DestoryPluginEntry
[18816:3068:0212/003301:INFO:IPlugin.cpp(117)] real plugin mainPlugin call DestroyPlugin
[18816:3068:0212/003302:INFO:IPlugin.cpp(374)] destruct plugin mainPlugin
[18816:3068:0212/003302:INFO:serviceManager.cpp(1608)] mainPlugin plugin had destroy by DestructPlugin
[18816:3068:0212/003302:INFO:serviceManager.cpp(2532)] DestructManager begin
[18816:3068:0212/003302:INFO:IPlugin.cpp(374)] destruct plugin PluginServerStatePlugin
[18816:3068:0212/003302:INFO:IPlugin.cpp(286)] real plugin PluginServerStatePlugin call DestroyPlugin
[18816:3068:0212/003302:INFO:serviceManager.cpp(1608)] PluginServerStatePlugin plugin had destroy by DestructPlugin
[18816:3068:0212/003302:INFO:serviceManager.cpp(2408)] DeleteLeftPlugins begin
[18816:3068:0212/003302:INFO:serviceManager.cpp(2470)] DeleteLeftPlugins end
[18816:3068:0212/003302:INFO:serviceManager.cpp(687)] mainprocessisrunning key is set as 0
[18816:3068:0212/003302:INFO:AppRunner.cpp(730)] close mutex of process geeplayer
[18816:3068:0212/003302:INFO:AppRunner.cpp(738)] run process geeplayer end
[18304:3932:0212/003302:INFO:AppRunner.cpp(619)] Begin run process geeplayer
[18304:3932:0212/003302:INFO:AppRunner.cpp(623)] ProductName is GeePlayer1
[18304:3932:0212/003302:INFO:AppRunner.cpp(662)] apppluginbase version is 4.3.4.77
[18304:3932:0212/003302:INFO:UIlib.cpp(192)] quilib: version is 4.3.4.75
[18304:3932:0212/003302:INFO:serviceManager.cpp(687)] mainprocessisrunning key is set as 1
[18304:3932:0212/003302:INFO:serviceManager.cpp(800)] create local service plugin PluginServerStatePlugin
[18304:3932:0212/003302:INFO:serviceManager.cpp(857)] plugin PluginServerStatePlugin DoPluginInit
[18304:3932:0212/003302:INFO:serviceManager.cpp(1523)] repository parse over
[18304:3932:0212/003303:INFO:UIManager.cpp(372)] quilib:call set resouce path, path is c:\program files (x86)\iqiyi video\geeplayer\2.3.28.2726\skin
[18304:3932:0212/003305:INFO:AppRunner.cpp(715)] loop exit geeplayer call main plugin DestoryPluginEntry
[18304:3932:0212/003305:INFO:IPlugin.cpp(117)] real plugin mainPlugin call DestroyPlugin
[18304:3932:0212/003307:INFO:IPlugin.cpp(374)] destruct plugin mainPlugin
[18304:3932:0212/003307:INFO:serviceManager.cpp(1608)] mainPlugin plugin had destroy by DestructPlugin
[18304:3932:0212/003307:INFO:serviceManager.cpp(2532)] DestructManager begin
[18304:3932:0212/003307:INFO:IPlugin.cpp(374)] destruct plugin PluginServerStatePlugin
[18304:3932:0212/003307:INFO:IPlugin.cpp(286)] real plugin PluginServerStatePlugin call DestroyPlugin
[18304:3932:0212/003307:INFO:serviceManager.cpp(1608)] PluginServerStatePlugin plugin had destroy by DestructPlugin
[18304:3932:0212/003307:INFO:serviceManager.cpp(2408)] DeleteLeftPlugins begin
[18304:3932:0212/003307:INFO:serviceManager.cpp(2470)] DeleteLeftPlugins end
[18304:3932:0212/003307:INFO:serviceManager.cpp(687)] mainprocessisrunning key is set as 0
[18304:3932:0212/003307:INFO:AppRunner.cpp(730)] close mutex of process geeplayer
[18304:3932:0212/003307:INFO:AppRunner.cpp(738)] run process geeplayer end
[8284:20168:0212/073621:INFO:AppRunner.cpp(619)] Begin run process geeplayer
[8284:20168:0212/073621:INFO:AppRunner.cpp(623)] ProductName is GeePlayer1
[8284:20168:0212/073621:INFO:AppRunner.cpp(662)] apppluginbase version is 4.3.4.77
[8284:20168:0212/073621:INFO:UIlib.cpp(192)] quilib: version is 4.3.4.75
[8284:20168:0212/073621:INFO:serviceManager.cpp(687)] mainprocessisrunning key is set as 1
[8284:20168:0212/073621:INFO:serviceManager.cpp(800)] create local service plugin PluginServerStatePlugin
[8284:20168:0212/073621:INFO:serviceManager.cpp(857)] plugin PluginServerStatePlugin DoPluginInit
[8284:20168:0212/073621:INFO:serviceManager.cpp(1523)] repository parse over
[8284:20168:0212/073621:INFO:UIManager.cpp(372)] quilib:call set resouce path, path is c:\program files (x86)\iqiyi video\geeplayer\2.3.28.2726\skin
[8284:20168:0212/073624:INFO:AppRunner.cpp(715)] loop exit geeplayer call main plugin DestoryPluginEntry
[8284:20168:0212/073624:INFO:IPlugin.cpp(117)] real plugin mainPlugin call DestroyPlugin
[17760:2912:0212/073625:INFO:AppRunner.cpp(619)] Begin run process geeplayer
[17760:2912:0212/073625:INFO:AppRunner.cpp(623)] ProductName is GeePlayer2
[17760:2912:0212/073625:INFO:AppRunner.cpp(662)] apppluginbase version is 4.3.4.77
[17760:2912:0212/073625:INFO:UIlib.cpp(192)] quilib: version is 4.3.4.75
[17760:2912:0212/073625:INFO:serviceManager.cpp(687)] mainprocessisrunning key is set as 1
[17760:2912:0212/073625:INFO:serviceManager.cpp(800)] create local service plugin PluginServerStatePlugin
[17760:2912:0212/073625:INFO:serviceManager.cpp(694)] service recordPluginServerStatePlugin is dirty old runPID:8284 , right pid:17760 , arrPeerInfo Size:0
[17760:2912:0212/073625:INFO:serviceManager.cpp(704)] service table: name:PluginServerStatePlugin runpid:8284 plugin:031B1438, 
[17760:2912:0212/073625:INFO:serviceManager.cpp(857)] plugin PluginServerStatePlugin DoPluginInit
[17760:2912:0212/073625:INFO:serviceManager.cpp(1523)] repository parse over
[17760:2912:0212/073625:INFO:UIManager.cpp(372)] quilib:call set resouce path, path is c:\program files (x86)\iqiyi video\geeplayer\2.3.28.2726\skin
[8284:20168:0212/073626:INFO:IPlugin.cpp(374)] destruct plugin mainPlugin
[8284:20168:0212/073626:INFO:serviceManager.cpp(1608)] mainPlugin plugin had destroy by DestructPlugin
[8284:20168:0212/073626:INFO:serviceManager.cpp(2532)] DestructManager begin
[8284:20168:0212/073626:INFO:IPlugin.cpp(374)] destruct plugin PluginServerStatePlugin
[8284:20168:0212/073626:INFO:IPlugin.cpp(286)] real plugin PluginServerStatePlugin call DestroyPlugin
[8284:20168:0212/073626:INFO:serviceManager.cpp(1608)] PluginServerStatePlugin plugin had destroy by DestructPlugin
[8284:20168:0212/073626:INFO:serviceManager.cpp(2408)] DeleteLeftPlugins begin
[8284:20168:0212/073626:INFO:serviceManager.cpp(2470)] DeleteLeftPlugins end
[8284:20168:0212/073626:INFO:serviceManager.cpp(687)] mainprocessisrunning key is set as 0
[8284:20168:0212/073626:INFO:AppRunner.cpp(730)] close mutex of process geeplayer
[8284:20168:0212/073626:INFO:AppRunner.cpp(738)] run process geeplayer end
[17760:2912:0212/073631:INFO:AppRunner.cpp(715)] loop exit geeplayer call main plugin DestoryPluginEntry
[17760:2912:0212/073631:INFO:IPlugin.cpp(117)] real plugin mainPlugin call DestroyPlugin
[17760:2912:0212/073633:INFO:IPlugin.cpp(374)] destruct plugin mainPlugin
[17760:2912:0212/073633:INFO:serviceManager.cpp(1608)] mainPlugin plugin had destroy by DestructPlugin
[17760:2912:0212/073633:INFO:serviceManager.cpp(2532)] DestructManager begin
[17760:2912:0212/073633:INFO:IPlugin.cpp(374)] destruct plugin PluginServerStatePlugin
[17760:2912:0212/073633:INFO:IPlugin.cpp(286)] real plugin PluginServerStatePlugin call DestroyPlugin
[17760:2912:0212/073633:INFO:serviceManager.cpp(1608)] PluginServerStatePlugin plugin had destroy by DestructPlugin
[17760:2912:0212/073633:INFO:serviceManager.cpp(2408)] DeleteLeftPlugins begin
[17760:2912:0212/073633:INFO:serviceManager.cpp(2470)] DeleteLeftPlugins end
[17760:2912:0212/073633:INFO:serviceManager.cpp(687)] mainprocessisrunning key is set as 0
[17760:2912:0212/073633:INFO:AppRunner.cpp(730)] close mutex of process geeplayer
[17760:2912:0212/073633:INFO:AppRunner.cpp(738)] run process geeplayer end
[13864:17744:0212/075351:INFO:AppRunner.cpp(619)] Begin run process geeplayer
[13864:17744:0212/075351:INFO:AppRunner.cpp(623)] ProductName is GeePlayer1
[13864:17744:0212/075351:INFO:AppRunner.cpp(662)] apppluginbase version is 4.3.4.77
[13864:17744:0212/075351:INFO:UIlib.cpp(192)] quilib: version is 4.3.4.75
[13864:17744:0212/075351:INFO:serviceManager.cpp(687)] mainprocessisrunning key is set as 1
[13864:17744:0212/075351:INFO:serviceManager.cpp(800)] create local service plugin PluginServerStatePlugin
[13864:17744:0212/075351:INFO:serviceManager.cpp(857)] plugin PluginServerStatePlugin DoPluginInit
[13864:17744:0212/075351:INFO:serviceManager.cpp(1523)] repository parse over
[13864:17744:0212/075352:INFO:UIManager.cpp(372)] quilib:call set resouce path, path is c:\program files (x86)\iqiyi video\geeplayer\2.3.28.2726\skin
[13864:17744:0212/075352:INFO:UIDlgBuilder.cpp(407)] quilib:create root control failed
[13864:17744:0212/075352:INFO:UIDlgBuilder.cpp(407)] quilib:create root control failed
[13864:17744:0212/075352:INFO:UIDlgBuilder.cpp(407)] quilib:create root control failed
[13864:17744:0212/075352:INFO:UIDlgBuilder.cpp(407)] quilib:create root control failed
[13864:17744:0212/075357:INFO:AppRunner.cpp(715)] loop exit geeplayer call main plugin DestoryPluginEntry
[13864:17744:0212/075357:INFO:IPlugin.cpp(117)] real plugin mainPlugin call DestroyPlugin
[13864:17744:0212/075358:INFO:IPlugin.cpp(374)] destruct plugin mainPlugin
[13864:17744:0212/075358:INFO:serviceManager.cpp(1608)] mainPlugin plugin had destroy by DestructPlugin
[13864:17744:0212/075358:INFO:serviceManager.cpp(2532)] DestructManager begin
[13864:17744:0212/075358:INFO:IPlugin.cpp(374)] destruct plugin PluginServerStatePlugin
[13864:17744:0212/075358:INFO:IPlugin.cpp(286)] real plugin PluginServerStatePlugin call DestroyPlugin
[13864:17744:0212/075358:INFO:serviceManager.cpp(1608)] PluginServerStatePlugin plugin had destroy by DestructPlugin
[13864:17744:0212/075358:INFO:serviceManager.cpp(2408)] DeleteLeftPlugins begin
[13864:17744:0212/075358:INFO:serviceManager.cpp(2470)] DeleteLeftPlugins end
[13864:17744:0212/075358:INFO:serviceManager.cpp(687)] mainprocessisrunning key is set as 0
[13864:17744:0212/075358:INFO:AppRunner.cpp(730)] close mutex of process geeplayer
[13864:17744:0212/075358:INFO:AppRunner.cpp(738)] run process geeplayer end
[10144:21256:0212/075419:INFO:AppRunner.cpp(619)] Begin run process geeplayer
[10144:21256:0212/075419:INFO:AppRunner.cpp(623)] ProductName is GeePlayer1
[10144:21256:0212/075419:INFO:AppRunner.cpp(662)] apppluginbase version is 4.3.4.77
[10144:21256:0212/075419:INFO:UIlib.cpp(192)] quilib: version is 4.3.4.75
[10144:21256:0212/075419:INFO:serviceManager.cpp(687)] mainprocessisrunning key is set as 1
[10144:21256:0212/075419:INFO:serviceManager.cpp(800)] create local service plugin PluginServerStatePlugin
[10144:21256:0212/075419:INFO:serviceManager.cpp(857)] plugin PluginServerStatePlugin DoPluginInit
[10144:21256:0212/075419:INFO:serviceManager.cpp(1523)] repository parse over
[10144:21256:0212/075419:INFO:UIManager.cpp(372)] quilib:call set resouce path, path is c:\program files (x86)\iqiyi video\geeplayer\2.3.28.2726\skin
[10144:21256:0212/075419:INFO:UIDlgBuilder.cpp(407)] quilib:create root control failed
[10144:21256:0212/075419:INFO:UIDlgBuilder.cpp(407)] quilib:create root control failed
[10144:21256:0212/075419:INFO:UIDlgBuilder.cpp(407)] quilib:create root control failed
[10144:21256:0212/075419:INFO:UIDlgBuilder.cpp(407)] quilib:create root control failed
[10144:21256:0212/075533:INFO:AppRunner.cpp(715)] loop exit geeplayer call main plugin DestoryPluginEntry
[10144:21256:0212/075533:INFO:IPlugin.cpp(117)] real plugin mainPlugin call DestroyPlugin
[10144:21256:0212/075533:INFO:IPlugin.cpp(374)] destruct plugin mainPlugin
[10144:21256:0212/075533:INFO:serviceManager.cpp(1608)] mainPlugin plugin had destroy by DestructPlugin
[10144:21256:0212/075533:INFO:serviceManager.cpp(2532)] DestructManager begin
[10144:21256:0212/075533:INFO:IPlugin.cpp(374)] destruct plugin PluginServerStatePlugin
[10144:21256:0212/075533:INFO:IPlugin.cpp(286)] real plugin PluginServerStatePlugin call DestroyPlugin
[10144:21256:0212/075533:INFO:serviceManager.cpp(1608)] PluginServerStatePlugin plugin had destroy by DestructPlugin
[10144:21256:0212/075533:INFO:serviceManager.cpp(2408)] DeleteLeftPlugins begin
[10144:21256:0212/075533:INFO:serviceManager.cpp(2470)] DeleteLeftPlugins end
[10144:21256:0212/075533:INFO:serviceManager.cpp(687)] mainprocessisrunning key is set as 0
[10144:21256:0212/075533:INFO:AppRunner.cpp(730)] close mutex of process geeplayer
[10144:21256:0212/075533:INFO:AppRunner.cpp(738)] run process geeplayer end
[5824:20840:0212/075545:INFO:AppRunner.cpp(619)] Begin run process geeplayer
[5824:20840:0212/075545:INFO:AppRunner.cpp(623)] ProductName is GeePlayer1
[5824:20840:0212/075545:INFO:AppRunner.cpp(662)] apppluginbase version is 4.3.4.77
[5824:20840:0212/075545:INFO:UIlib.cpp(192)] quilib: version is 4.3.4.75
[5824:20840:0212/075545:INFO:serviceManager.cpp(687)] mainprocessisrunning key is set as 1
[5824:20840:0212/075545:INFO:serviceManager.cpp(800)] create local service plugin PluginServerStatePlugin
[5824:20840:0212/075545:INFO:serviceManager.cpp(857)] plugin PluginServerStatePlugin DoPluginInit
[5824:20840:0212/075545:INFO:serviceManager.cpp(1523)] repository parse over
[5824:20840:0212/075545:INFO:UIManager.cpp(372)] quilib:call set resouce path, path is c:\program files (x86)\iqiyi video\geeplayer\2.3.28.2726\skin
[5824:20840:0212/075545:INFO:UIDlgBuilder.cpp(407)] quilib:create root control failed
[5824:20840:0212/075545:INFO:UIDlgBuilder.cpp(407)] quilib:create root control failed
[5824:20840:0212/075545:INFO:UIDlgBuilder.cpp(407)] quilib:create root control failed
[5824:20840:0212/075545:INFO:UIDlgBuilder.cpp(407)] quilib:create root control failed
[5824:20840:0212/075737:INFO:AppRunner.cpp(715)] loop exit geeplayer call main plugin DestoryPluginEntry
[5824:20840:0212/075737:INFO:IPlugin.cpp(117)] real plugin mainPlugin call DestroyPlugin
[5824:20840:0212/075737:INFO:IPlugin.cpp(374)] destruct plugin mainPlugin
[5824:20840:0212/075737:INFO:serviceManager.cpp(1608)] mainPlugin plugin had destroy by DestructPlugin
[5824:20840:0212/075737:INFO:serviceManager.cpp(2532)] DestructManager begin
[5824:20840:0212/075737:INFO:IPlugin.cpp(374)] destruct plugin PluginServerStatePlugin
[5824:20840:0212/075737:INFO:IPlugin.cpp(286)] real plugin PluginServerStatePlugin call DestroyPlugin
[5824:20840:0212/075737:INFO:serviceManager.cpp(1608)] PluginServerStatePlugin plugin had destroy by DestructPlugin
[5824:20840:0212/075737:INFO:serviceManager.cpp(2408)] DeleteLeftPlugins begin
[5824:20840:0212/075737:INFO:serviceManager.cpp(2470)] DeleteLeftPlugins end
[5824:20840:0212/075737:INFO:serviceManager.cpp(687)] mainprocessisrunning key is set as 0
[5824:20840:0212/075737:INFO:AppRunner.cpp(730)] close mutex of process geeplayer
[5824:20840:0212/075737:INFO:AppRunner.cpp(738)] run process geeplayer end
[10940:10188:0212/075821:INFO:AppRunner.cpp(619)] Begin run process geeplayer
[10940:10188:0212/075821:INFO:AppRunner.cpp(623)] ProductName is GeePlayer1
[10940:10188:0212/075821:INFO:AppRunner.cpp(662)] apppluginbase version is 4.3.4.77
[10940:10188:0212/075821:INFO:UIlib.cpp(192)] quilib: version is 4.3.4.75
[10940:10188:0212/075821:INFO:serviceManager.cpp(687)] mainprocessisrunning key is set as 1
[10940:10188:0212/075821:INFO:serviceManager.cpp(800)] create local service plugin PluginServerStatePlugin
[10940:10188:0212/075821:INFO:serviceManager.cpp(857)] plugin PluginServerStatePlugin DoPluginInit
[10940:10188:0212/075821:INFO:serviceManager.cpp(1523)] repository parse over
[10940:10188:0212/075821:INFO:UIManager.cpp(372)] quilib:call set resouce path, path is c:\program files (x86)\iqiyi video\geeplayer\2.3.28.2726\skin
[10940:10188:0212/075821:INFO:UIDlgBuilder.cpp(407)] quilib:create root control failed
[10940:10188:0212/075821:INFO:UIDlgBuilder.cpp(407)] quilib:create root control failed
[10940:10188:0212/075821:INFO:UIDlgBuilder.cpp(407)] quilib:create root control failed
[10940:10188:0212/075821:INFO:UIDlgBuilder.cpp(407)] quilib:create root control failed
[10940:10188:0212/075825:INFO:AppRunner.cpp(715)] loop exit geeplayer call main plugin DestoryPluginEntry
[10940:10188:0212/075825:INFO:IPlugin.cpp(117)] real plugin mainPlugin call DestroyPlugin
[10940:10188:0212/075825:INFO:IPlugin.cpp(374)] destruct plugin mainPlugin
[10940:10188:0212/075825:INFO:serviceManager.cpp(1608)] mainPlugin plugin had destroy by DestructPlugin
[10940:10188:0212/075825:INFO:serviceManager.cpp(2532)] DestructManager begin
[10940:10188:0212/075825:INFO:IPlugin.cpp(374)] destruct plugin PluginServerStatePlugin
[10940:10188:0212/075825:INFO:IPlugin.cpp(286)] real plugin PluginServerStatePlugin call DestroyPlugin
[10940:10188:0212/075825:INFO:serviceManager.cpp(1608)] PluginServerStatePlugin plugin had destroy by DestructPlugin
[10940:10188:0212/075825:INFO:serviceManager.cpp(2408)] DeleteLeftPlugins begin
[10940:10188:0212/075825:INFO:serviceManager.cpp(2470)] DeleteLeftPlugins end
[10940:10188:0212/075825:INFO:serviceManager.cpp(687)] mainprocessisrunning key is set as 0
[10940:10188:0212/075825:INFO:AppRunner.cpp(730)] close mutex of process geeplayer
[10940:10188:0212/075825:INFO:AppRunner.cpp(738)] run process geeplayer end
[17768:6044:0212/075844:INFO:AppRunner.cpp(619)] Begin run process geeplayer
[17768:6044:0212/075844:INFO:AppRunner.cpp(623)] ProductName is GeePlayer1
[17768:6044:0212/075844:INFO:AppRunner.cpp(662)] apppluginbase version is 4.3.4.77
[17768:6044:0212/075844:INFO:UIlib.cpp(192)] quilib: version is 4.3.4.75
[17768:6044:0212/075844:INFO:serviceManager.cpp(687)] mainprocessisrunning key is set as 1
[17768:6044:0212/075844:INFO:serviceManager.cpp(800)] create local service plugin PluginServerStatePlugin
[17768:6044:0212/075844:INFO:serviceManager.cpp(857)] plugin PluginServerStatePlugin DoPluginInit
[17768:6044:0212/075844:INFO:serviceManager.cpp(1523)] repository parse over
[17768:6044:0212/075844:INFO:UIManager.cpp(372)] quilib:call set resouce path, path is c:\program files (x86)\iqiyi video\geeplayer\2.3.28.2726\skin
[17768:6044:0212/075844:INFO:UIDlgBuilder.cpp(407)] quilib:create root control failed
[17768:6044:0212/075844:INFO:UIDlgBuilder.cpp(407)] quilib:create root control failed
[17768:6044:0212/075844:INFO:UIDlgBuilder.cpp(407)] quilib:create root control failed
[17768:6044:0212/075844:INFO:UIDlgBuilder.cpp(407)] quilib:create root control failed
[17768:6044:0212/075912:INFO:AppRunner.cpp(715)] loop exit geeplayer call main plugin DestoryPluginEntry
[17768:6044:0212/075912:INFO:IPlugin.cpp(117)] real plugin mainPlugin call DestroyPlugin
[17768:6044:0212/075912:INFO:IPlugin.cpp(374)] destruct plugin mainPlugin
[17768:6044:0212/075912:INFO:serviceManager.cpp(1608)] mainPlugin plugin had destroy by DestructPlugin
[17768:6044:0212/075912:INFO:serviceManager.cpp(2532)] DestructManager begin
[17768:6044:0212/075912:INFO:IPlugin.cpp(374)] destruct plugin PluginServerStatePlugin
[17768:6044:0212/075912:INFO:IPlugin.cpp(286)] real plugin PluginServerStatePlugin call DestroyPlugin
[17768:6044:0212/075912:INFO:serviceManager.cpp(1608)] PluginServerStatePlugin plugin had destroy by DestructPlugin
[17768:6044:0212/075912:INFO:serviceManager.cpp(2408)] DeleteLeftPlugins begin
[17768:6044:0212/075912:INFO:serviceManager.cpp(2470)] DeleteLeftPlugins end
[17768:6044:0212/075912:INFO:serviceManager.cpp(687)] mainprocessisrunning key is set as 0
[17768:6044:0212/075912:INFO:AppRunner.cpp(730)] close mutex of process geeplayer
[17768:6044:0212/075912:INFO:AppRunner.cpp(738)] run process geeplayer end
[19240:12692:0214/195457:INFO:AppRunner.cpp(619)] Begin run process geeplayer
[19240:12692:0214/195457:INFO:AppRunner.cpp(623)] ProductName is GeePlayer4
[19240:12692:0214/195457:INFO:AppRunner.cpp(662)] apppluginbase version is 4.3.4.77
[19240:12692:0214/195457:INFO:UIlib.cpp(192)] quilib: version is 4.3.4.75
[19240:12692:0214/195457:INFO:serviceManager.cpp(687)] mainprocessisrunning key is set as 1
[19240:12692:0214/195457:INFO:serviceManager.cpp(800)] create local service plugin PluginServerStatePlugin
[19240:12692:0214/195457:INFO:serviceManager.cpp(857)] plugin PluginServerStatePlugin DoPluginInit
[19240:12692:0214/195457:INFO:serviceManager.cpp(1523)] repository parse over
[19240:12692:0214/195458:INFO:UIManager.cpp(372)] quilib:call set resouce path, path is c:\program files (x86)\iqiyi video\geeplayer\2.3.28.2726\skin
[19240:12692:0214/195552:INFO:AppRunner.cpp(715)] loop exit geeplayer call main plugin DestoryPluginEntry
[19240:12692:0214/195552:INFO:IPlugin.cpp(117)] real plugin mainPlugin call DestroyPlugin
[19240:12692:0214/195554:INFO:IPlugin.cpp(374)] destruct plugin mainPlugin
[19240:12692:0214/195554:INFO:serviceManager.cpp(1608)] mainPlugin plugin had destroy by DestructPlugin
[19240:12692:0214/195554:INFO:serviceManager.cpp(2532)] DestructManager begin
[19240:12692:0214/195554:INFO:IPlugin.cpp(374)] destruct plugin PluginServerStatePlugin
[19240:12692:0214/195554:INFO:IPlugin.cpp(286)] real plugin PluginServerStatePlugin call DestroyPlugin
[19240:12692:0214/195554:INFO:serviceManager.cpp(1608)] PluginServerStatePlugin plugin had destroy by DestructPlugin
[19240:12692:0214/195554:INFO:serviceManager.cpp(2408)] DeleteLeftPlugins begin
[19240:12692:0214/195554:INFO:serviceManager.cpp(2470)] DeleteLeftPlugins end
[19240:12692:0214/195554:INFO:serviceManager.cpp(687)] mainprocessisrunning key is set as 0
[19240:12692:0214/195554:INFO:AppRunner.cpp(730)] close mutex of process geeplayer
[19240:12692:0214/195554:INFO:AppRunner.cpp(738)] run process geeplayer end
